<INFO> 17-Mar-2018::23:58:51.081 secu confd[39033]: - Writing daemon log to /home/secu/Hackathon/Hackathon-Registration/FullVersion/SecurityController/confd.log
<INFO> 17-Mar-2018::23:58:51.096 secu confd[39033]: - Writing NETCONF log to /home/secu/Hackathon/Hackathon-Registration/FullVersion/SecurityController/netconf.log
<INFO> 17-Mar-2018::23:58:51.096 secu confd[39033]: - Writing audit log to /home/secu/Hackathon/Hackathon-Registration/FullVersion/SecurityController/audit.log
<INFO> 17-Mar-2018::23:58:51.096 secu confd[39033]: - Writing developer log to /home/secu/Hackathon/Hackathon-Registration/FullVersion/SecurityController/devel.log
<INFO> 17-Mar-2018::23:58:51.096 secu confd[39033]: - Daemon logging started
<DEBUG> 17-Mar-2018::23:58:51.209 secu confd[39033]: - Loading file ../../../../confd-6.2/etc/confd/ietf-inet-types.fxs
<DEBUG> 17-Mar-2018::23:58:51.213 secu confd[39033]: - Loading file ../../../../confd-6.2/etc/confd/ietf-yang-types.fxs
<DEBUG> 17-Mar-2018::23:58:51.218 secu confd[39033]: - Loading file ../../../../confd-6.2/etc/confd/iana-crypt-hash.fxs
<DEBUG> 17-Mar-2018::23:58:51.223 secu confd[39033]: - Loading file ../../../../confd-6.2/etc/confd/ietf-netconf-monitoring.fxs
<DEBUG> 17-Mar-2018::23:58:51.230 secu confd[39033]: - Loading file ../../../../confd-6.2/etc/confd/tailf-common-monitoring.fxs
<DEBUG> 17-Mar-2018::23:58:51.237 secu confd[39033]: - Loading file ../../../../confd-6.2/etc/confd/ietf-netconf-acm.fxs
<DEBUG> 17-Mar-2018::23:58:51.244 secu confd[39033]: - Loading file ../../../../confd-6.2/etc/confd/ietf-yang-library.fxs
<DEBUG> 17-Mar-2018::23:58:51.248 secu confd[39033]: - Loading file ../../../../confd-6.2/etc/confd/ietf-netconf-notifications.fxs
<DEBUG> 17-Mar-2018::23:58:51.261 secu confd[39033]: - Loading file ./i2nsf-capability.fxs
<DEBUG> 17-Mar-2018::23:58:51.273 secu confd[39033]: - Loading file ../../../../confd-6.2/etc/confd/tailf-netconf-monitoring.fxs
<DEBUG> 17-Mar-2018::23:58:51.279 secu confd[39033]: - Loading file ../../../../confd-6.2/etc/confd/tailf-confd-monitoring.fxs
<DEBUG> 17-Mar-2018::23:58:51.300 secu confd[39033]: - Loading file ../../../../confd-6.2/etc/confd/tailf-acm.fxs
<DEBUG> 17-Mar-2018::23:58:51.315 secu confd[39033]: - Loading file ../../../../confd-6.2/etc/confd/tailf-kicker.fxs
<DEBUG> 17-Mar-2018::23:58:51.319 secu confd[39033]: - Loading file ../../../../confd-6.2/etc/confd/tailf-aaa.fxs
<DEBUG> 17-Mar-2018::23:58:51.360 secu confd[39033]: - Loading file ../../../../confd-6.2/etc/confd/confd.ccl
<INFO> 17-Mar-2018::23:58:51.594 secu confd[39033]: - Starting to listen for Internal IPC on 127.0.0.1:4565
<INFO> 17-Mar-2018::23:58:52.174 secu confd[39033]: - CDB load: processing file: ./confd-cdb/aaa_init.xml
<INFO> 17-Mar-2018::23:58:52.522 secu confd[39033]: - Starting to listen for NETCONF SSH on 0.0.0.0:2022
<INFO> 17-Mar-2018::23:58:52.564 secu confd[39033]: - Starting to listen for NETCONF TCP on 127.0.0.1:2023
<INFO> 17-Mar-2018::23:58:52.630 secu confd[39033]: - Starting to listen for CLI SSH on 0.0.0.0:2024
<INFO> 17-Mar-2018::23:58:52.795 secu confd[39033]: - ConfD started vsn: 6.2
<CRIT> 18-Mar-2018::00:04:52.764 secu confd[39033]: - Daemon capability_daemon died
