<INFO> 18-Mar-2018::03:26:56.276 secu confd[9925]: - Writing daemon log to /home/secu/Hackathon/Hackathon-101/FullVersion/SecurityController/confd.log
<INFO> 18-Mar-2018::03:26:56.283 secu confd[9925]: - Writing NETCONF log to /home/secu/Hackathon/Hackathon-101/FullVersion/SecurityController/netconf.log
<INFO> 18-Mar-2018::03:26:56.284 secu confd[9925]: - Writing audit log to /home/secu/Hackathon/Hackathon-101/FullVersion/SecurityController/audit.log
<INFO> 18-Mar-2018::03:26:56.284 secu confd[9925]: - Writing developer log to /home/secu/Hackathon/Hackathon-101/FullVersion/SecurityController/devel.log
<INFO> 18-Mar-2018::03:26:56.284 secu confd[9925]: - Daemon logging started
<DEBUG> 18-Mar-2018::03:26:56.318 secu confd[9925]: - Loading file ../../../../confd-6.2/etc/confd/ietf-inet-types.fxs
<DEBUG> 18-Mar-2018::03:26:56.320 secu confd[9925]: - Loading file ../../../../confd-6.2/etc/confd/ietf-yang-types.fxs
<DEBUG> 18-Mar-2018::03:26:56.321 secu confd[9925]: - Loading file ../../../../confd-6.2/etc/confd/iana-crypt-hash.fxs
<DEBUG> 18-Mar-2018::03:26:56.321 secu confd[9925]: - Loading file ../../../../confd-6.2/etc/confd/ietf-netconf-monitoring.fxs
<DEBUG> 18-Mar-2018::03:26:56.324 secu confd[9925]: - Loading file ../../../../confd-6.2/etc/confd/tailf-common-monitoring.fxs
<DEBUG> 18-Mar-2018::03:26:56.324 secu confd[9925]: - Loading file ../../../../confd-6.2/etc/confd/ietf-netconf-acm.fxs
<DEBUG> 18-Mar-2018::03:26:56.326 secu confd[9925]: - Loading file ../../../../confd-6.2/etc/confd/ietf-yang-library.fxs
<DEBUG> 18-Mar-2018::03:26:56.326 secu confd[9925]: - Loading file ../../../../confd-6.2/etc/confd/ietf-netconf-notifications.fxs
<DEBUG> 18-Mar-2018::03:26:56.332 secu confd[9925]: - Loading file ./i2nsf-capability.fxs
<DEBUG> 18-Mar-2018::03:26:56.335 secu confd[9925]: - Loading file ../../../../confd-6.2/etc/confd/tailf-netconf-monitoring.fxs
<DEBUG> 18-Mar-2018::03:26:56.336 secu confd[9925]: - Loading file ../../../../confd-6.2/etc/confd/tailf-confd-monitoring.fxs
<DEBUG> 18-Mar-2018::03:26:56.345 secu confd[9925]: - Loading file ../../../../confd-6.2/etc/confd/tailf-acm.fxs
<DEBUG> 18-Mar-2018::03:26:56.348 secu confd[9925]: - Loading file ../../../../confd-6.2/etc/confd/tailf-kicker.fxs
<DEBUG> 18-Mar-2018::03:26:56.351 secu confd[9925]: - Loading file ../../../../confd-6.2/etc/confd/tailf-aaa.fxs
<DEBUG> 18-Mar-2018::03:26:56.362 secu confd[9925]: - Loading file ../../../../confd-6.2/etc/confd/confd.ccl
<INFO> 18-Mar-2018::03:26:56.485 secu confd[9925]: - Starting to listen for Internal IPC on 127.0.0.1:4565
<INFO> 18-Mar-2018::03:26:56.925 secu confd[9925]: - CDB load: processing file: ./confd-cdb/aaa_init.xml
<INFO> 18-Mar-2018::03:26:57.189 secu confd[9925]: - Starting to listen for NETCONF SSH on 0.0.0.0:2022
<INFO> 18-Mar-2018::03:26:57.221 secu confd[9925]: - Starting to listen for NETCONF TCP on 127.0.0.1:2023
<INFO> 18-Mar-2018::03:26:57.268 secu confd[9925]: - Starting to listen for CLI SSH on 0.0.0.0:2024
<INFO> 18-Mar-2018::03:26:57.418 secu confd[9925]: - ConfD started vsn: 6.2
